2016-08-25 18:29:52 Notice: Notice (8): Undefined variable: objects in [C:\xampp\htdocs\note_taker\src\Template\Objects\add.ctp, line 6]
Request URL: /note_taker/objects/add
Referer URL: http://127.0.0.1/note_taker/
Client IP: 127.0.0.1
Trace:
Cake\Error\BaseErrorHandler::handleError() - CORE\src\Error\BaseErrorHandler.php, line 146
include - APP/Template\Objects\add.ctp, line 6
Cake\View\View::_evaluate() - CORE\src\View\View.php, line 1005
Cake\View\View::_render() - CORE\src\View\View.php, line 964
Cake\View\View::render() - CORE\src\View\View.php, line 588
Cake\Controller\Controller::render() - CORE\src\Controller\Controller.php, line 617
Cake\Http\ActionDispatcher::_invoke() - CORE\src\Http\ActionDispatcher.php, line 130
Cake\Http\ActionDispatcher::dispatch() - CORE\src\Http\ActionDispatcher.php, line 98
Cake\Http\BaseApplication::__invoke() - CORE\src\Http\BaseApplication.php, line 83
Cake\Http\Runner::__invoke() - CORE\src\Http\Runner.php, line 65
Cake\Routing\Middleware\RoutingMiddleware::__invoke() - CORE\src\Routing\Middleware\RoutingMiddleware.php, line 52
Cake\Http\Runner::__invoke() - CORE\src\Http\Runner.php, line 65
Cake\Routing\Middleware\AssetMiddleware::__invoke() - CORE\src\Routing\Middleware\AssetMiddleware.php, line 88
Cake\Http\Runner::__invoke() - CORE\src\Http\Runner.php, line 65
Cake\Error\Middleware\ErrorHandlerMiddleware::__invoke() - CORE\src\Error\Middleware\ErrorHandlerMiddleware.php, line 51
Cake\Http\Runner::__invoke() - CORE\src\Http\Runner.php, line 65
Cake\Http\Runner::run() - CORE\src\Http\Runner.php, line 51
Cake\Http\Server::run() - CORE\src\Http\Server.php, line 82
[main] - ROOT\webroot\index.php, line 37



2016-08-25 18:30:11 Notice: Notice (8): Undefined variable: object in [C:\xampp\htdocs\note_taker\src\Template\Objects\add.ctp, line 10]
Request URL: /note_taker/objects/add
Referer URL: http://127.0.0.1/note_taker/
Client IP: 127.0.0.1
Trace:
Cake\Error\BaseErrorHandler::handleError() - CORE\src\Error\BaseErrorHandler.php, line 146
include - APP/Template\Objects\add.ctp, line 10
Cake\View\View::_evaluate() - CORE\src\View\View.php, line 1005
Cake\View\View::_render() - CORE\src\View\View.php, line 964
Cake\View\View::render() - CORE\src\View\View.php, line 588
Cake\Controller\Controller::render() - CORE\src\Controller\Controller.php, line 617
Cake\Http\ActionDispatcher::_invoke() - CORE\src\Http\ActionDispatcher.php, line 130
Cake\Http\ActionDispatcher::dispatch() - CORE\src\Http\ActionDispatcher.php, line 98
Cake\Http\BaseApplication::__invoke() - CORE\src\Http\BaseApplication.php, line 83
Cake\Http\Runner::__invoke() - CORE\src\Http\Runner.php, line 65
Cake\Routing\Middleware\RoutingMiddleware::__invoke() - CORE\src\Routing\Middleware\RoutingMiddleware.php, line 52
Cake\Http\Runner::__invoke() - CORE\src\Http\Runner.php, line 65
Cake\Routing\Middleware\AssetMiddleware::__invoke() - CORE\src\Routing\Middleware\AssetMiddleware.php, line 88
Cake\Http\Runner::__invoke() - CORE\src\Http\Runner.php, line 65
Cake\Error\Middleware\ErrorHandlerMiddleware::__invoke() - CORE\src\Error\Middleware\ErrorHandlerMiddleware.php, line 51
Cake\Http\Runner::__invoke() - CORE\src\Http\Runner.php, line 65
Cake\Http\Runner::run() - CORE\src\Http\Runner.php, line 51
Cake\Http\Server::run() - CORE\src\Http\Server.php, line 82
[main] - ROOT\webroot\index.php, line 37



2016-08-25 18:30:11 Notice: Notice (8): Trying to get property of non-object in [C:\xampp\htdocs\note_taker\src\Template\Objects\add.ctp, line 10]
Request URL: /note_taker/objects/add
Referer URL: http://127.0.0.1/note_taker/
Client IP: 127.0.0.1
Trace:
Cake\Error\BaseErrorHandler::handleError() - CORE\src\Error\BaseErrorHandler.php, line 146
include - APP/Template\Objects\add.ctp, line 10
Cake\View\View::_evaluate() - CORE\src\View\View.php, line 1005
Cake\View\View::_render() - CORE\src\View\View.php, line 964
Cake\View\View::render() - CORE\src\View\View.php, line 588
Cake\Controller\Controller::render() - CORE\src\Controller\Controller.php, line 617
Cake\Http\ActionDispatcher::_invoke() - CORE\src\Http\ActionDispatcher.php, line 130
Cake\Http\ActionDispatcher::dispatch() - CORE\src\Http\ActionDispatcher.php, line 98
Cake\Http\BaseApplication::__invoke() - CORE\src\Http\BaseApplication.php, line 83
Cake\Http\Runner::__invoke() - CORE\src\Http\Runner.php, line 65
Cake\Routing\Middleware\RoutingMiddleware::__invoke() - CORE\src\Routing\Middleware\RoutingMiddleware.php, line 52
Cake\Http\Runner::__invoke() - CORE\src\Http\Runner.php, line 65
Cake\Routing\Middleware\AssetMiddleware::__invoke() - CORE\src\Routing\Middleware\AssetMiddleware.php, line 88
Cake\Http\Runner::__invoke() - CORE\src\Http\Runner.php, line 65
Cake\Error\Middleware\ErrorHandlerMiddleware::__invoke() - CORE\src\Error\Middleware\ErrorHandlerMiddleware.php, line 51
Cake\Http\Runner::__invoke() - CORE\src\Http\Runner.php, line 65
Cake\Http\Runner::run() - CORE\src\Http\Runner.php, line 51
Cake\Http\Server::run() - CORE\src\Http\Server.php, line 82
[main] - ROOT\webroot\index.php, line 37



2016-08-25 18:30:11 Notice: Notice (8): Undefined variable: object in [C:\xampp\htdocs\note_taker\src\Template\Objects\add.ctp, line 16]
Request URL: /note_taker/objects/add
Referer URL: http://127.0.0.1/note_taker/
Client IP: 127.0.0.1
Trace:
Cake\Error\BaseErrorHandler::handleError() - CORE\src\Error\BaseErrorHandler.php, line 146
include - APP/Template\Objects\add.ctp, line 16
Cake\View\View::_evaluate() - CORE\src\View\View.php, line 1005
Cake\View\View::_render() - CORE\src\View\View.php, line 964
Cake\View\View::render() - CORE\src\View\View.php, line 588
Cake\Controller\Controller::render() - CORE\src\Controller\Controller.php, line 617
Cake\Http\ActionDispatcher::_invoke() - CORE\src\Http\ActionDispatcher.php, line 130
Cake\Http\ActionDispatcher::dispatch() - CORE\src\Http\ActionDispatcher.php, line 98
Cake\Http\BaseApplication::__invoke() - CORE\src\Http\BaseApplication.php, line 83
Cake\Http\Runner::__invoke() - CORE\src\Http\Runner.php, line 65
Cake\Routing\Middleware\RoutingMiddleware::__invoke() - CORE\src\Routing\Middleware\RoutingMiddleware.php, line 52
Cake\Http\Runner::__invoke() - CORE\src\Http\Runner.php, line 65
Cake\Routing\Middleware\AssetMiddleware::__invoke() - CORE\src\Routing\Middleware\AssetMiddleware.php, line 88
Cake\Http\Runner::__invoke() - CORE\src\Http\Runner.php, line 65
Cake\Error\Middleware\ErrorHandlerMiddleware::__invoke() - CORE\src\Error\Middleware\ErrorHandlerMiddleware.php, line 51
Cake\Http\Runner::__invoke() - CORE\src\Http\Runner.php, line 65
Cake\Http\Runner::run() - CORE\src\Http\Runner.php, line 51
Cake\Http\Server::run() - CORE\src\Http\Server.php, line 82
[main] - ROOT\webroot\index.php, line 37



2016-08-25 18:30:11 Notice: Notice (8): Trying to get property of non-object in [C:\xampp\htdocs\note_taker\src\Template\Objects\add.ctp, line 16]
Request URL: /note_taker/objects/add
Referer URL: http://127.0.0.1/note_taker/
Client IP: 127.0.0.1
Trace:
Cake\Error\BaseErrorHandler::handleError() - CORE\src\Error\BaseErrorHandler.php, line 146
include - APP/Template\Objects\add.ctp, line 16
Cake\View\View::_evaluate() - CORE\src\View\View.php, line 1005
Cake\View\View::_render() - CORE\src\View\View.php, line 964
Cake\View\View::render() - CORE\src\View\View.php, line 588
Cake\Controller\Controller::render() - CORE\src\Controller\Controller.php, line 617
Cake\Http\ActionDispatcher::_invoke() - CORE\src\Http\ActionDispatcher.php, line 130
Cake\Http\ActionDispatcher::dispatch() - CORE\src\Http\ActionDispatcher.php, line 98
Cake\Http\BaseApplication::__invoke() - CORE\src\Http\BaseApplication.php, line 83
Cake\Http\Runner::__invoke() - CORE\src\Http\Runner.php, line 65
Cake\Routing\Middleware\RoutingMiddleware::__invoke() - CORE\src\Routing\Middleware\RoutingMiddleware.php, line 52
Cake\Http\Runner::__invoke() - CORE\src\Http\Runner.php, line 65
Cake\Routing\Middleware\AssetMiddleware::__invoke() - CORE\src\Routing\Middleware\AssetMiddleware.php, line 88
Cake\Http\Runner::__invoke() - CORE\src\Http\Runner.php, line 65
Cake\Error\Middleware\ErrorHandlerMiddleware::__invoke() - CORE\src\Error\Middleware\ErrorHandlerMiddleware.php, line 51
Cake\Http\Runner::__invoke() - CORE\src\Http\Runner.php, line 65
Cake\Http\Runner::run() - CORE\src\Http\Runner.php, line 51
Cake\Http\Server::run() - CORE\src\Http\Server.php, line 82
[main] - ROOT\webroot\index.php, line 37



2016-08-25 18:30:11 Notice: Notice (8): Undefined variable: object in [C:\xampp\htdocs\note_taker\src\Template\Objects\add.ctp, line 22]
Request URL: /note_taker/objects/add
Referer URL: http://127.0.0.1/note_taker/
Client IP: 127.0.0.1
Trace:
Cake\Error\BaseErrorHandler::handleError() - CORE\src\Error\BaseErrorHandler.php, line 146
include - APP/Template\Objects\add.ctp, line 22
Cake\View\View::_evaluate() - CORE\src\View\View.php, line 1005
Cake\View\View::_render() - CORE\src\View\View.php, line 964
Cake\View\View::render() - CORE\src\View\View.php, line 588
Cake\Controller\Controller::render() - CORE\src\Controller\Controller.php, line 617
Cake\Http\ActionDispatcher::_invoke() - CORE\src\Http\ActionDispatcher.php, line 130
Cake\Http\ActionDispatcher::dispatch() - CORE\src\Http\ActionDispatcher.php, line 98
Cake\Http\BaseApplication::__invoke() - CORE\src\Http\BaseApplication.php, line 83
Cake\Http\Runner::__invoke() - CORE\src\Http\Runner.php, line 65
Cake\Routing\Middleware\RoutingMiddleware::__invoke() - CORE\src\Routing\Middleware\RoutingMiddleware.php, line 52
Cake\Http\Runner::__invoke() - CORE\src\Http\Runner.php, line 65
Cake\Routing\Middleware\AssetMiddleware::__invoke() - CORE\src\Routing\Middleware\AssetMiddleware.php, line 88
Cake\Http\Runner::__invoke() - CORE\src\Http\Runner.php, line 65
Cake\Error\Middleware\ErrorHandlerMiddleware::__invoke() - CORE\src\Error\Middleware\ErrorHandlerMiddleware.php, line 51
Cake\Http\Runner::__invoke() - CORE\src\Http\Runner.php, line 65
Cake\Http\Runner::run() - CORE\src\Http\Runner.php, line 51
Cake\Http\Server::run() - CORE\src\Http\Server.php, line 82
[main] - ROOT\webroot\index.php, line 37



2016-08-25 18:30:11 Notice: Notice (8): Trying to get property of non-object in [C:\xampp\htdocs\note_taker\src\Template\Objects\add.ctp, line 22]
Request URL: /note_taker/objects/add
Referer URL: http://127.0.0.1/note_taker/
Client IP: 127.0.0.1
Trace:
Cake\Error\BaseErrorHandler::handleError() - CORE\src\Error\BaseErrorHandler.php, line 146
include - APP/Template\Objects\add.ctp, line 22
Cake\View\View::_evaluate() - CORE\src\View\View.php, line 1005
Cake\View\View::_render() - CORE\src\View\View.php, line 964
Cake\View\View::render() - CORE\src\View\View.php, line 588
Cake\Controller\Controller::render() - CORE\src\Controller\Controller.php, line 617
Cake\Http\ActionDispatcher::_invoke() - CORE\src\Http\ActionDispatcher.php, line 130
Cake\Http\ActionDispatcher::dispatch() - CORE\src\Http\ActionDispatcher.php, line 98
Cake\Http\BaseApplication::__invoke() - CORE\src\Http\BaseApplication.php, line 83
Cake\Http\Runner::__invoke() - CORE\src\Http\Runner.php, line 65
Cake\Routing\Middleware\RoutingMiddleware::__invoke() - CORE\src\Routing\Middleware\RoutingMiddleware.php, line 52
Cake\Http\Runner::__invoke() - CORE\src\Http\Runner.php, line 65
Cake\Routing\Middleware\AssetMiddleware::__invoke() - CORE\src\Routing\Middleware\AssetMiddleware.php, line 88
Cake\Http\Runner::__invoke() - CORE\src\Http\Runner.php, line 65
Cake\Error\Middleware\ErrorHandlerMiddleware::__invoke() - CORE\src\Error\Middleware\ErrorHandlerMiddleware.php, line 51
Cake\Http\Runner::__invoke() - CORE\src\Http\Runner.php, line 65
Cake\Http\Runner::run() - CORE\src\Http\Runner.php, line 51
Cake\Http\Server::run() - CORE\src\Http\Server.php, line 82
[main] - ROOT\webroot\index.php, line 37



2016-08-25 19:23:29 Notice: Notice (8): Array to string conversion in [C:\xampp\htdocs\note_taker\src\Template\Element\Flash\error.ctp, line 1]
Request URL: /note_taker/objects/add
Referer URL: http://127.0.0.1/note_taker/objects/add
Client IP: 127.0.0.1
Trace:
Cake\Error\BaseErrorHandler::handleError() - CORE\src\Error\BaseErrorHandler.php, line 146
include - APP/Template\Element\Flash\error.ctp, line 1
Cake\View\View::_evaluate() - CORE\src\View\View.php, line 1005
Cake\View\View::_render() - CORE\src\View\View.php, line 964
Cake\View\View::_renderElement() - CORE\src\View\View.php, line 1350
Cake\View\View::element() - CORE\src\View\View.php, line 493
Cake\View\Helper\FlashHelper::render() - CORE\src\View\Helper\FlashHelper.php, line 89
include - APP/Template\Layout\default.ctp, line 50
Cake\View\View::_evaluate() - CORE\src\View\View.php, line 1005
Cake\View\View::_render() - CORE\src\View\View.php, line 964
Cake\View\View::renderLayout() - CORE\src\View\View.php, line 635
Cake\View\View::render() - CORE\src\View\View.php, line 593
Cake\Controller\Controller::render() - CORE\src\Controller\Controller.php, line 617
Cake\Http\ActionDispatcher::_invoke() - CORE\src\Http\ActionDispatcher.php, line 130
Cake\Http\ActionDispatcher::dispatch() - CORE\src\Http\ActionDispatcher.php, line 98
Cake\Http\BaseApplication::__invoke() - CORE\src\Http\BaseApplication.php, line 83
Cake\Http\Runner::__invoke() - CORE\src\Http\Runner.php, line 65
Cake\Routing\Middleware\RoutingMiddleware::__invoke() - CORE\src\Routing\Middleware\RoutingMiddleware.php, line 52
Cake\Http\Runner::__invoke() - CORE\src\Http\Runner.php, line 65
Cake\Routing\Middleware\AssetMiddleware::__invoke() - CORE\src\Routing\Middleware\AssetMiddleware.php, line 88
Cake\Http\Runner::__invoke() - CORE\src\Http\Runner.php, line 65
Cake\Error\Middleware\ErrorHandlerMiddleware::__invoke() - CORE\src\Error\Middleware\ErrorHandlerMiddleware.php, line 51
Cake\Http\Runner::__invoke() - CORE\src\Http\Runner.php, line 65
Cake\Http\Runner::run() - CORE\src\Http\Runner.php, line 51
Cake\Http\Server::run() - CORE\src\Http\Server.php, line 82
[main] - ROOT\webroot\index.php, line 37



